# JRE version: OpenJDK Runtime Environment (11.0.11+9) (build 11.0.11+9-b60-7590822)
# Java VM: OpenJDK 64-Bit Server VM (11.0.11+9-b60-7590822, mixed mode, tiered, compressed oops, g1 gc, windows-amd64)
Heap:
 garbage-first heap   total 459776K, used 196425K [0x0000000080000000, 0x0000000100000000)
  region size 1024K, 4 young (4096K), 4 survivors (4096K)
 Metaspace       used 113909K, capacity 116750K, committed 116988K, reserved 1150976K
  class space    used 14335K, capacity 15443K, committed 15488K, reserved 1048576K
GC Heap History (20 events):
Event: 37.339 GC heap after
{Heap after GC invocations=78 (full 0):
 garbage-first heap   total 363520K, used 186949K [0x0000000080000000, 0x0000000100000000)
  region size 1024K, 4 young (4096K), 4 survivors (4096K)
 Metaspace       used 113331K, capacity 116141K, committed 116476K, reserved 1150976K
  class space    used 14313K, capacity 15418K, committed 15488K, reserved 1048576K
}
Event: 37.382 GC heap before
{Heap before GC invocations=78 (full 0):
 garbage-first heap   total 363520K, used 199237K [0x0000000080000000, 0x0000000100000000)
  region size 1024K, 17 young (17408K), 4 survivors (4096K)
 Metaspace       used 113346K, capacity 116142K, committed 116476K, reserved 1150976K
  class space    used 14314K, capacity 15418K, committed 15488K, reserved 1048576K
}
Event: 37.390 GC heap after
{Heap after GC invocations=79 (full 0):
 garbage-first heap   total 363520K, used 182114K [0x0000000080000000, 0x0000000100000000)
  region size 1024K, 1 young (1024K), 1 survivors (1024K)
 Metaspace       used 113346K, capacity 116142K, committed 116476K, reserved 1150976K
  class space    used 14314K, capacity 15418K, committed 15488K, reserved 1048576K
}
Event: 37.684 GC heap before
{Heap before GC invocations=79 (full 0):
 garbage-first heap   total 363520K, used 302946K [0x0000000080000000, 0x0000000100000000)
  region size 1024K, 119 young (121856K), 1 survivors (1024K)
 Metaspace       used 113556K, capacity 116395K, committed 116476K, reserved 1150976K
  class space    used 14319K, capacity 15427K, committed 15488K, reserved 1048576K
}
Event: 37.689 GC heap after
{Heap after GC invocations=80 (full 0):
 garbage-first heap   total 363520K, used 182500K [0x0000000080000000, 0x0000000100000000)
  region size 1024K, 2 young (2048K), 2 survivors (2048K)
 Metaspace       used 113556K, capacity 116395K, committed 116476K, reserved 1150976K
  class space    used 14319K, capacity 15427K, committed 15488K, reserved 1048576K
}
Event: 37.938 GC heap before
{Heap before GC invocations=80 (full 0):
 garbage-first heap   total 363520K, used 303332K [0x0000000080000000, 0x0000000100000000)
  region size 1024K, 121 young (123904K), 2 survivors (2048K)
 Metaspace       used 113672K, capacity 116496K, committed 116732K, reserved 1150976K
  class space    used 14321K, capacity 15429K, committed 15488K, reserved 1048576K
}
Event: 37.946 GC heap after
{Heap after GC invocations=81 (full 0):
 garbage-first heap   total 363520K, used 188002K [0x0000000080000000, 0x0000000100000000)
  region size 1024K, 7 young (7168K), 7 survivors (7168K)
 Metaspace       used 113672K, capacity 116496K, committed 116732K, reserved 1150976K
  class space    used 14321K, capacity 15429K, committed 15488K, reserved 1048576K
}
Event: 38.182 GC heap before
{Heap before GC invocations=81 (full 0):
 garbage-first heap   total 363520K, used 306786K [0x0000000080000000, 0x0000000100000000)
  region size 1024K, 123 young (125952K), 7 survivors (7168K)
 Metaspace       used 113738K, capacity 116583K, committed 116732K, reserved 1150976K
  class space    used 14326K, capacity 15433K, committed 15488K, reserved 1048576K
}
Event: 38.190 GC heap after
{Heap after GC invocations=82 (full 0):
 garbage-first heap   total 363520K, used 188374K [0x0000000080000000, 0x0000000100000000)
  region size 1024K, 7 young (7168K), 7 survivors (7168K)
 Metaspace       used 113738K, capacity 116583K, committed 116732K, reserved 1150976K
  class space    used 14326K, capacity 15433K, committed 15488K, reserved 1048576K
}
Event: 38.383 GC heap before
{Heap before GC invocations=82 (full 0):
 garbage-first heap   total 363520K, used 308182K [0x0000000080000000, 0x0000000100000000)
  region size 1024K, 125 young (128000K), 7 survivors (7168K)
 Metaspace       used 113765K, capacity 116587K, committed 116732K, reserved 1150976K
  class space    used 14326K, capacity 15434K, committed 15488K, reserved 1048576K
}
Event: 38.392 GC heap after
{Heap after GC invocations=83 (full 0):
 garbage-first heap   total 363520K, used 188717K [0x0000000080000000, 0x0000000100000000)
  region size 1024K, 8 young (8192K), 8 survivors (8192K)
 Metaspace       used 113765K, capacity 116587K, committed 116732K, reserved 1150976K
  class space    used 14326K, capacity 15434K, committed 15488K, reserved 1048576K
}
Event: 38.634 GC heap before
{Heap before GC invocations=83 (full 0):
 garbage-first heap   total 363520K, used 309549K [0x0000000080000000, 0x0000000100000000)
  region size 1024K, 126 young (129024K), 8 survivors (8192K)
 Metaspace       used 113779K, capacity 116595K, committed 116732K, reserved 1150976K
  class space    used 14328K, capacity 15437K, committed 15488K, reserved 1048576K
}
Event: 38.644 GC heap after
{Heap after GC invocations=84 (full 0):
 garbage-first heap   total 363520K, used 188403K [0x0000000080000000, 0x0000000100000000)
  region size 1024K, 7 young (7168K), 7 survivors (7168K)
 Metaspace       used 113779K, capacity 116595K, committed 116732K, reserved 1150976K
  class space    used 14328K, capacity 15437K, committed 15488K, reserved 1048576K
}
Event: 38.927 GC heap before
{Heap before GC invocations=84 (full 0):
 garbage-first heap   total 363520K, used 311283K [0x0000000080000000, 0x0000000100000000)
  region size 1024K, 128 young (131072K), 7 survivors (7168K)
 Metaspace       used 113862K, capacity 116673K, committed 116732K, reserved 1150976K
  class space    used 14333K, capacity 15439K, committed 15488K, reserved 1048576K
}
Event: 38.937 GC heap after
{Heap after GC invocations=85 (full 0):
 garbage-first heap   total 363520K, used 188734K [0x0000000080000000, 0x0000000100000000)
  region size 1024K, 8 young (8192K), 8 survivors (8192K)
 Metaspace       used 113862K, capacity 116673K, committed 116732K, reserved 1150976K
  class space    used 14333K, capacity 15439K, committed 15488K, reserved 1048576K
}
Event: 39.208 GC heap before
{Heap before GC invocations=85 (full 0):
 garbage-first heap   total 363520K, used 310590K [0x0000000080000000, 0x0000000100000000)
  region size 1024K, 128 young (131072K), 8 survivors (8192K)
 Metaspace       used 113879K, capacity 116738K, committed 116988K, reserved 1150976K
  class space    used 14333K, capacity 15439K, committed 15488K, reserved 1048576K
}
Event: 39.224 GC heap after
{Heap after GC invocations=86 (full 0):
 garbage-first heap   total 363520K, used 194368K [0x0000000080000000, 0x0000000100000000)
  region size 1024K, 13 young (13312K), 13 survivors (13312K)
 Metaspace       used 113879K, capacity 116738K, committed 116988K, reserved 1150976K
  class space    used 14333K, capacity 15439K, committed 15488K, reserved 1048576K
}
Event: 39.463 GC heap before
{Heap before GC invocations=86 (full 0):
 garbage-first heap   total 363520K, used 313152K [0x0000000080000000, 0x0000000100000000)
  region size 1024K, 129 young (132096K), 13 survivors (13312K)
 Metaspace       used 113882K, capacity 116738K, committed 116988K, reserved 1150976K
  class space    used 14333K, capacity 15439K, committed 15488K, reserved 1048576K
}
Event: 39.478 GC heap after
{Heap after GC invocations=87 (full 0):
 garbage-first heap   total 363520K, used 196354K [0x0000000080000000, 0x0000000100000000)
  region size 1024K, 11 young (11264K), 11 survivors (11264K)
 Metaspace       used 113882K, capacity 116738K, committed 116988K, reserved 1150976K
  class space    used 14333K, capacity 15439K, committed 15488K, reserved 1048576K
}
Event: 39.708 GC heap before
{Heap before GC invocations=87 (full 0):
 garbage-first heap   total 363520K, used 314114K [0x0000000080000000, 0x0000000100000000)
  region size 1024K, 126 young (129024K), 11 survivors (11264K)
 Metaspace       used 113909K, capacity 116750K, committed 116988K, reserved 1150976K
  class space    used 14335K, capacity 15443K, committed 15488K, reserved 1048576K
}

