# JRE version: OpenJDK Runtime Environment (11.0.11+9) (build 11.0.11+9-b60-7590822)
# Java VM: OpenJDK 64-Bit Server VM (11.0.11+9-b60-7590822, mixed mode, tiered, compressed oops, g1 gc, windows-amd64)
Heap:
 garbage-first heap   total 138240K, used 112081K [0x0000000080000000, 0x0000000100000000)
  region size 1024K, 79 young (80896K), 7 survivors (7168K)
 Metaspace       used 48006K, capacity 49268K, committed 49564K, reserved 1091584K
  class space    used 6125K, capacity 6606K, committed 6656K, reserved 1048576K
GC Heap History (14 events):
Event: 0.871 GC heap before
{Heap before GC invocations=0 (full 0):
 garbage-first heap   total 114688K, used 29696K [0x0000000080000000, 0x0000000100000000)
  region size 1024K, 24 young (24576K), 0 survivors (0K)
 Metaspace       used 9634K, capacity 9888K, committed 10112K, reserved 1058816K
  class space    used 967K, capacity 1041K, committed 1152K, reserved 1048576K
}
Event: 0.878 GC heap after
{Heap after GC invocations=1 (full 0):
 garbage-first heap   total 114688K, used 9132K [0x0000000080000000, 0x0000000100000000)
  region size 1024K, 3 young (3072K), 3 survivors (3072K)
 Metaspace       used 9634K, capacity 9888K, committed 10112K, reserved 1058816K
  class space    used 967K, capacity 1041K, committed 1152K, reserved 1048576K
}
Event: 1.655 GC heap before
{Heap before GC invocations=1 (full 0):
 garbage-first heap   total 114688K, used 74668K [0x0000000080000000, 0x0000000100000000)
  region size 1024K, 67 young (68608K), 3 survivors (3072K)
 Metaspace       used 11977K, capacity 12347K, committed 12544K, reserved 1060864K
  class space    used 1316K, capacity 1413K, committed 1536K, reserved 1048576K
}
Event: 1.667 GC heap after
{Heap after GC invocations=2 (full 0):
 garbage-first heap   total 114688K, used 14741K [0x0000000080000000, 0x0000000100000000)
  region size 1024K, 9 young (9216K), 9 survivors (9216K)
 Metaspace       used 11977K, capacity 12347K, committed 12544K, reserved 1060864K
  class space    used 1316K, capacity 1413K, committed 1536K, reserved 1048576K
}
Event: 3.512 GC heap before
{Heap before GC invocations=2 (full 0):
 garbage-first heap   total 114688K, used 67989K [0x0000000080000000, 0x0000000100000000)
  region size 1024K, 62 young (63488K), 9 survivors (9216K)
 Metaspace       used 20705K, capacity 21177K, committed 21296K, reserved 1069056K
  class space    used 2537K, capacity 2659K, committed 2688K, reserved 1048576K
}
Event: 3.526 GC heap after
{Heap after GC invocations=3 (full 0):
 garbage-first heap   total 114688K, used 17681K [0x0000000080000000, 0x0000000100000000)
  region size 1024K, 3 young (3072K), 3 survivors (3072K)
 Metaspace       used 20705K, capacity 21177K, committed 21296K, reserved 1069056K
  class space    used 2537K, capacity 2659K, committed 2688K, reserved 1048576K
}
Event: 4.298 GC heap before
{Heap before GC invocations=4 (full 0):
 garbage-first heap   total 114688K, used 79121K [0x0000000080000000, 0x0000000100000000)
  region size 1024K, 63 young (64512K), 3 survivors (3072K)
 Metaspace       used 26310K, capacity 26942K, committed 27008K, reserved 1073152K
  class space    used 3444K, capacity 3651K, committed 3712K, reserved 1048576K
}
Event: 4.305 GC heap after
{Heap after GC invocations=5 (full 0):
 garbage-first heap   total 114688K, used 19703K [0x0000000080000000, 0x0000000100000000)
  region size 1024K, 5 young (5120K), 5 survivors (5120K)
 Metaspace       used 26310K, capacity 26942K, committed 27008K, reserved 1073152K
  class space    used 3444K, capacity 3651K, committed 3712K, reserved 1048576K
}
Event: 5.313 GC heap before
{Heap before GC invocations=5 (full 0):
 garbage-first heap   total 114688K, used 79095K [0x0000000080000000, 0x0000000100000000)
  region size 1024K, 64 young (65536K), 5 survivors (5120K)
 Metaspace       used 35115K, capacity 35922K, committed 36048K, reserved 1081344K
  class space    used 4563K, capacity 4863K, committed 4864K, reserved 1048576K
}
Event: 5.326 GC heap after
{Heap after GC invocations=6 (full 0):
 garbage-first heap   total 114688K, used 23144K [0x0000000080000000, 0x0000000100000000)
  region size 1024K, 6 young (6144K), 6 survivors (6144K)
 Metaspace       used 35115K, capacity 35922K, committed 36048K, reserved 1081344K
  class space    used 4563K, capacity 4863K, committed 4864K, reserved 1048576K
}
Event: 6.019 GC heap before
{Heap before GC invocations=7 (full 0):
 garbage-first heap   total 114688K, used 86632K [0x0000000080000000, 0x0000000100000000)
  region size 1024K, 66 young (67584K), 6 survivors (6144K)
 Metaspace       used 39325K, capacity 40215K, committed 40476K, reserved 1085440K
  class space    used 5041K, capacity 5393K, committed 5504K, reserved 1048576K
}
Event: 6.030 GC heap after
{Heap after GC invocations=8 (full 0):
 garbage-first heap   total 138240K, used 28284K [0x0000000080000000, 0x0000000100000000)
  region size 1024K, 9 young (9216K), 9 survivors (9216K)
 Metaspace       used 39325K, capacity 40215K, committed 40476K, reserved 1085440K
  class space    used 5041K, capacity 5393K, committed 5504K, reserved 1048576K
}
Event: 6.837 GC heap before
{Heap before GC invocations=8 (full 0):
 garbage-first heap   total 138240K, used 96892K [0x0000000080000000, 0x0000000100000000)
  region size 1024K, 75 young (76800K), 9 survivors (9216K)
 Metaspace       used 45216K, capacity 46323K, committed 46620K, reserved 1089536K
  class space    used 5800K, capacity 6204K, committed 6272K, reserved 1048576K
}
Event: 6.847 GC heap after
{Heap after GC invocations=9 (full 0):
 garbage-first heap   total 138240K, used 30161K [0x0000000080000000, 0x0000000100000000)
  region size 1024K, 7 young (7168K), 7 survivors (7168K)
 Metaspace       used 45216K, capacity 46323K, committed 46620K, reserved 1089536K
  class space    used 5800K, capacity 6204K, committed 6272K, reserved 1048576K
}

