# JRE version: OpenJDK Runtime Environment (11.0.11+9) (build 11.0.11+9-b60-7590822)
# Java VM: OpenJDK 64-Bit Server VM (11.0.11+9-b60-7590822, mixed mode, tiered, compressed oops, g1 gc, windows-amd64)
Heap:
 garbage-first heap   total 114688K, used 72274K [0x0000000080000000, 0x0000000100000000)
  region size 1024K, 37 young (37888K), 5 survivors (5120K)
 Metaspace       used 48583K, capacity 49826K, committed 50000K, reserved 1093632K
  class space    used 6200K, capacity 6681K, committed 6784K, reserved 1048576K
GC Heap History (16 events):
Event: 1.485 GC heap before
{Heap before GC invocations=0 (full 0):
 garbage-first heap   total 114688K, used 29696K [0x0000000080000000, 0x0000000100000000)
  region size 1024K, 24 young (24576K), 0 survivors (0K)
 Metaspace       used 9690K, capacity 9952K, committed 10112K, reserved 1058816K
  class space    used 968K, capacity 1041K, committed 1152K, reserved 1048576K
}
Event: 1.496 GC heap after
{Heap after GC invocations=1 (full 0):
 garbage-first heap   total 114688K, used 9771K [0x0000000080000000, 0x0000000100000000)
  region size 1024K, 3 young (3072K), 3 survivors (3072K)
 Metaspace       used 9690K, capacity 9952K, committed 10112K, reserved 1058816K
  class space    used 968K, capacity 1041K, committed 1152K, reserved 1048576K
}
Event: 2.967 GC heap before
{Heap before GC invocations=1 (full 0):
 garbage-first heap   total 114688K, used 75307K [0x0000000080000000, 0x0000000100000000)
  region size 1024K, 67 young (68608K), 3 survivors (3072K)
 Metaspace       used 12070K, capacity 12411K, committed 12544K, reserved 1060864K
  class space    used 1324K, capacity 1413K, committed 1536K, reserved 1048576K
}
Event: 2.982 GC heap after
{Heap after GC invocations=2 (full 0):
 garbage-first heap   total 114688K, used 15472K [0x0000000080000000, 0x0000000100000000)
  region size 1024K, 9 young (9216K), 9 survivors (9216K)
 Metaspace       used 12070K, capacity 12411K, committed 12544K, reserved 1060864K
  class space    used 1324K, capacity 1413K, committed 1536K, reserved 1048576K
}
Event: 5.580 GC heap before
{Heap before GC invocations=2 (full 0):
 garbage-first heap   total 114688K, used 66672K [0x0000000080000000, 0x0000000100000000)
  region size 1024K, 60 young (61440K), 9 survivors (9216K)
 Metaspace       used 20737K, capacity 21180K, committed 21296K, reserved 1069056K
  class space    used 2537K, capacity 2660K, committed 2688K, reserved 1048576K
}
Event: 5.593 GC heap after
{Heap after GC invocations=3 (full 0):
 garbage-first heap   total 114688K, used 17341K [0x0000000080000000, 0x0000000100000000)
  region size 1024K, 3 young (3072K), 3 survivors (3072K)
 Metaspace       used 20737K, capacity 21180K, committed 21296K, reserved 1069056K
  class space    used 2537K, capacity 2660K, committed 2688K, reserved 1048576K
}
Event: 6.552 GC heap before
{Heap before GC invocations=4 (full 0):
 garbage-first heap   total 114688K, used 77757K [0x0000000080000000, 0x0000000100000000)
  region size 1024K, 62 young (63488K), 3 survivors (3072K)
 Metaspace       used 26356K, capacity 27006K, committed 27264K, reserved 1073152K
  class space    used 3449K, capacity 3651K, committed 3712K, reserved 1048576K
}
Event: 6.558 GC heap after
{Heap after GC invocations=5 (full 0):
 garbage-first heap   total 114688K, used 19490K [0x0000000080000000, 0x0000000100000000)
  region size 1024K, 5 young (5120K), 5 survivors (5120K)
 Metaspace       used 26356K, capacity 27006K, committed 27264K, reserved 1073152K
  class space    used 3449K, capacity 3651K, committed 3712K, reserved 1048576K
}
Event: 7.651 GC heap before
{Heap before GC invocations=5 (full 0):
 garbage-first heap   total 114688K, used 77858K [0x0000000080000000, 0x0000000100000000)
  region size 1024K, 63 young (64512K), 5 survivors (5120K)
 Metaspace       used 35129K, capacity 35921K, committed 36048K, reserved 1081344K
  class space    used 4558K, capacity 4863K, committed 4864K, reserved 1048576K
}
Event: 7.664 GC heap after
{Heap after GC invocations=6 (full 0):
 garbage-first heap   total 114688K, used 23006K [0x0000000080000000, 0x0000000100000000)
  region size 1024K, 6 young (6144K), 6 survivors (6144K)
 Metaspace       used 35129K, capacity 35921K, committed 36048K, reserved 1081344K
  class space    used 4558K, capacity 4863K, committed 4864K, reserved 1048576K
}
Event: 8.402 GC heap before
{Heap before GC invocations=7 (full 0):
 garbage-first heap   total 114688K, used 85470K [0x0000000080000000, 0x0000000100000000)
  region size 1024K, 65 young (66560K), 6 survivors (6144K)
 Metaspace       used 39326K, capacity 40211K, committed 40528K, reserved 1085440K
  class space    used 5033K, capacity 5392K, committed 5504K, reserved 1048576K
}
Event: 8.412 GC heap after
{Heap after GC invocations=8 (full 0):
 garbage-first heap   total 114688K, used 28118K [0x0000000080000000, 0x0000000100000000)
  region size 1024K, 9 young (9216K), 9 survivors (9216K)
 Metaspace       used 39326K, capacity 40211K, committed 40528K, reserved 1085440K
  class space    used 5033K, capacity 5392K, committed 5504K, reserved 1048576K
}
Event: 9.227 GC heap before
{Heap before GC invocations=8 (full 0):
 garbage-first heap   total 114688K, used 86486K [0x0000000080000000, 0x0000000100000000)
  region size 1024K, 66 young (67584K), 9 survivors (9216K)
 Metaspace       used 44526K, capacity 45497K, committed 45776K, reserved 1089536K
  class space    used 5705K, capacity 6057K, committed 6144K, reserved 1048576K
}
Event: 9.235 GC heap after
{Heap after GC invocations=9 (full 0):
 garbage-first heap   total 114688K, used 29956K [0x0000000080000000, 0x0000000100000000)
  region size 1024K, 7 young (7168K), 7 survivors (7168K)
 Metaspace       used 44526K, capacity 45497K, committed 45776K, reserved 1089536K
  class space    used 5705K, capacity 6057K, committed 6144K, reserved 1048576K
}
Event: 10.157 GC heap before
{Heap before GC invocations=9 (full 0):
 garbage-first heap   total 114688K, used 88324K [0x0000000080000000, 0x0000000100000000)
  region size 1024K, 64 young (65536K), 7 survivors (7168K)
 Metaspace       used 47627K, capacity 48794K, committed 49104K, reserved 1091584K
  class space    used 6088K, capacity 6559K, committed 6656K, reserved 1048576K
}
Event: 10.165 GC heap after
{Heap after GC invocations=10 (full 0):
 garbage-first heap   total 114688K, used 32338K [0x0000000080000000, 0x0000000100000000)
  region size 1024K, 5 young (5120K), 5 survivors (5120K)
 Metaspace       used 47627K, capacity 48794K, committed 49104K, reserved 1091584K
  class space    used 6088K, capacity 6559K, committed 6656K, reserved 1048576K
}

